<?xml version="1.0" encoding="UTF-8"?>
<!-- Generated by org.testng.reporters.JUnitReportReporter -->
<testsuite skipped="0" hostname="WIN-622FKH1SJNF" name="TrainingJan22.Demo1.AppTest" tests="1" failures="0" timestamp="25 Jan 2022 14:34:38 GMT" time="0.029" errors="0">
  <testcase name="shouldAnswerWithTrue" time="0.029" classname="TrainingJan22.Demo1.AppTest"/>
</testsuite> <!-- TrainingJan22.Demo1.AppTest -->
